<?xml version="1.0" encoding="UTF-8"?>
<testsuite xmlns:xsi="http://www.w3.org/2001/XMLSchema-instance" xsi:noNamespaceSchemaLocation="https://maven.apache.org/surefire/maven-surefire-plugin/xsd/surefire-test-report-3.0.xsd" version="3.0" name="br.com.gilmar.AvaliacaoTest" time="0.052" tests="2" errors="0" skipped="0" failures="0">
  <properties>
    <property name="java.specification.version" value="19"/>
    <property name="sun.jnu.encoding" value="UTF-8"/>
    <property name="java.class.path" value="/home/gilmario/github/ufg/ts_20232_dino/aulas/aula4142_20231213/avaliacao-Escolar/target/test-classes:/home/gilmario/github/ufg/ts_20232_dino/aulas/aula4142_20231213/avaliacao-Escolar/target/classes:/home/gilmario/.m2/repository/junit/junit/4.12/junit-4.12.jar:/home/gilmario/.m2/repository/org/hamcrest/hamcrest-core/1.3/hamcrest-core-1.3.jar:"/>
    <property name="java.vm.vendor" value="Oracle Corporation"/>
    <property name="sun.arch.data.model" value="64"/>
    <property name="java.vendor.url" value="https://java.oracle.com/"/>
    <property name="os.name" value="Linux"/>
    <property name="java.vm.specification.version" value="19"/>
    <property name="sun.java.launcher" value="SUN_STANDARD"/>
    <property name="user.country" value="BR"/>
    <property name="sun.boot.library.path" value="/usr/lib/jvm/jdk-19/lib"/>
    <property name="sun.java.command" value="/home/gilmario/github/ufg/ts_20232_dino/aulas/aula4142_20231213/avaliacao-Escolar/target/surefire/surefirebooter-20231213195207199_3.jar /home/gilmario/github/ufg/ts_20232_dino/aulas/aula4142_20231213/avaliacao-Escolar/target/surefire 2023-12-13T19-52-06_444-jvmRun1 surefire-20231213195207199_1tmp surefire_0-20231213195207199_2tmp"/>
    <property name="jdk.debug" value="release"/>
    <property name="surefire.test.class.path" value="/home/gilmario/github/ufg/ts_20232_dino/aulas/aula4142_20231213/avaliacao-Escolar/target/test-classes:/home/gilmario/github/ufg/ts_20232_dino/aulas/aula4142_20231213/avaliacao-Escolar/target/classes:/home/gilmario/.m2/repository/junit/junit/4.12/junit-4.12.jar:/home/gilmario/.m2/repository/org/hamcrest/hamcrest-core/1.3/hamcrest-core-1.3.jar:"/>
    <property name="sun.cpu.endian" value="little"/>
    <property name="user.home" value="/home/gilmario"/>
    <property name="user.language" value="pt"/>
    <property name="java.specification.vendor" value="Oracle Corporation"/>
    <property name="java.version.date" value="2023-01-17"/>
    <property name="java.home" value="/usr/lib/jvm/jdk-19"/>
    <property name="file.separator" value="/"/>
    <property name="basedir" value="/home/gilmario/github/ufg/ts_20232_dino/aulas/aula4142_20231213/avaliacao-Escolar"/>
    <property name="java.vm.compressedOopsMode" value="Zero based"/>
    <property name="line.separator" value="&#10;"/>
    <property name="java.specification.name" value="Java Platform API Specification"/>
    <property name="java.vm.specification.vendor" value="Oracle Corporation"/>
    <property name="surefire.real.class.path" value="/home/gilmario/github/ufg/ts_20232_dino/aulas/aula4142_20231213/avaliacao-Escolar/target/surefire/surefirebooter-20231213195207199_3.jar"/>
    <property name="sun.management.compiler" value="HotSpot 64-Bit Tiered Compilers"/>
    <property name="java.runtime.version" value="19.0.2+7-44"/>
    <property name="user.name" value="gilmario"/>
    <property name="stdout.encoding" value="UTF-8"/>
    <property name="path.separator" value=":"/>
    <property name="os.version" value="6.2.0-37-generic"/>
    <property name="java.runtime.name" value="Java(TM) SE Runtime Environment"/>
    <property name="file.encoding" value="UTF-8"/>
    <property name="java.vm.name" value="Java HotSpot(TM) 64-Bit Server VM"/>
    <property name="localRepository" value="/home/gilmario/.m2/repository"/>
    <property name="java.vendor.url.bug" value="https://bugreport.java.com/bugreport/"/>
    <property name="java.io.tmpdir" value="/tmp"/>
    <property name="idea.version" value="2023.2.2"/>
    <property name="java.version" value="19.0.2"/>
    <property name="user.dir" value="/home/gilmario/github/ufg/ts_20232_dino/aulas/aula4142_20231213/avaliacao-Escolar"/>
    <property name="os.arch" value="amd64"/>
    <property name="java.vm.specification.name" value="Java Virtual Machine Specification"/>
    <property name="native.encoding" value="UTF-8"/>
    <property name="java.library.path" value="/usr/java/packages/lib:/usr/lib64:/lib64:/lib:/usr/lib"/>
    <property name="java.vm.info" value="mixed mode, sharing"/>
    <property name="stderr.encoding" value="UTF-8"/>
    <property name="java.vendor" value="Oracle Corporation"/>
    <property name="java.vm.version" value="19.0.2+7-44"/>
    <property name="sun.io.unicode.encoding" value="UnicodeLittle"/>
    <property name="java.class.version" value="63.0"/>
  </properties>
  <testcase name="testaDivisaoPorZero" classname="br.com.gilmar.AvaliacaoTest" time="0.004"/>
  <testcase name="testaValorMaiorQue10" classname="br.com.gilmar.AvaliacaoTest" time="0"/>
</testsuite>